{"/Users/johannbillar/Sites/React/reactjs-boilerplate/app/components/App.jsx": {"path":"/Users/johannbillar/Sites/React/reactjs-boilerplate/app/components/App.jsx","statementMap":{"0":{"start":{"line":1,"column":39},"end":{"line":1,"column":101}},"1":{"start":{"line":2,"column":164},"end":{"line":2,"column":218}},"2":{"start":{"line":5,"column":2},"end":{"line":8,"column":164}},"3":{"start":{"line":14,"column":0},"end":{"line":15,"column":74}}},"fnMap":{"0":{"name":"_interopRequireDefault","decl":{"start":{"line":2,"column":135},"end":{"line":2,"column":157}},"loc":{"start":{"line":2,"column":163},"end":{"line":2,"column":219}}},"1":{"name":"App","decl":{"start":{"line":4,"column":9},"end":{"line":4,"column":12}},"loc":{"start":{"line":4,"column":46},"end":{"line":12,"column":1}}}},"branchMap":{"0":{"loc":{"start":{"line":2,"column":171},"end":{"line":2,"column":217}},"type":"cond-expr","locations":[{"start":{"line":2,"column":195},"end":{"line":2,"column":198}},{"start":{"line":2,"column":201},"end":{"line":2,"column":217}}]},"1":{"loc":{"start":{"line":2,"column":171},"end":{"line":2,"column":192}},"type":"binary-expr","locations":[{"start":{"line":2,"column":171},"end":{"line":2,"column":174}},{"start":{"line":2,"column":178},"end":{"line":2,"column":192}}]}},"s":{"0":0,"1":0,"2":0,"3":0},"f":{"0":0,"1":0},"b":{"0":[0,0],"1":[0,0]}}
,"/Users/johannbillar/Sites/React/reactjs-boilerplate/app/components/Link.jsx": {"path":"/Users/johannbillar/Sites/React/reactjs-boilerplate/app/components/Link.jsx","statementMap":{"0":{"start":{"line":1,"column":39},"end":{"line":1,"column":101}},"1":{"start":{"line":1,"column":120},"end":{"line":1,"column":649}},"2":{"start":{"line":1,"column":175},"end":{"line":1,"column":440}},"3":{"start":{"line":1,"column":232},"end":{"line":1,"column":240}},"4":{"start":{"line":1,"column":241},"end":{"line":1,"column":296}},"5":{"start":{"line":1,"column":296},"end":{"line":1,"column":327}},"6":{"start":{"line":1,"column":327},"end":{"line":1,"column":381}},"7":{"start":{"line":1,"column":354},"end":{"line":1,"column":381}},"8":{"start":{"line":1,"column":381},"end":{"line":1,"column":439}},"9":{"start":{"line":1,"column":441},"end":{"line":1,"column":646}},"10":{"start":{"line":1,"column":497},"end":{"line":1,"column":565}},"11":{"start":{"line":1,"column":513},"end":{"line":1,"column":565}},"12":{"start":{"line":1,"column":565},"end":{"line":1,"column":625}},"13":{"start":{"line":1,"column":582},"end":{"line":1,"column":625}},"14":{"start":{"line":1,"column":625},"end":{"line":1,"column":644}},"15":{"start":{"line":1,"column":816},"end":{"line":1,"column":870}},"16":{"start":{"line":1,"column":920},"end":{"line":1,"column":1019}},"17":{"start":{"line":1,"column":961},"end":{"line":1,"column":1018}},"18":{"start":{"line":1,"column":1069},"end":{"line":1,"column":1168}},"19":{"start":{"line":1,"column":1081},"end":{"line":1,"column":1167}},"20":{"start":{"line":1,"column":1168},"end":{"line":1,"column":1254}},"21":{"start":{"line":1,"column":1297},"end":{"line":1,"column":1460}},"22":{"start":{"line":1,"column":1359},"end":{"line":1,"column":1459}},"23":{"start":{"line":1,"column":1460},"end":{"line":1,"column":1624}},"24":{"start":{"line":1,"column":1624},"end":{"line":1,"column":1742}},"25":{"start":{"line":1,"column":1640},"end":{"line":1,"column":1742}},"26":{"start":{"line":3,"column":13},"end":{"line":5,"column":22}},"27":{"start":{"line":8,"column":16},"end":{"line":10,"column":61}},"28":{"start":{"line":47,"column":0},"end":{"line":47,"column":27}}},"fnMap":{"0":{"name":"(anonymous_0)","decl":{"start":{"line":1,"column":120},"end":{"line":1,"column":121}},"loc":{"start":{"line":1,"column":132},"end":{"line":1,"column":647}}},"1":{"name":"defineProperties","decl":{"start":{"line":1,"column":142},"end":{"line":1,"column":158}},"loc":{"start":{"line":1,"column":174},"end":{"line":1,"column":441}}},"2":{"name":"(anonymous_2)","decl":{"start":{"line":1,"column":448},"end":{"line":1,"column":449}},"loc":{"start":{"line":1,"column":496},"end":{"line":1,"column":645}}},"3":{"name":"_interopRequireDefault","decl":{"start":{"line":1,"column":787},"end":{"line":1,"column":809}},"loc":{"start":{"line":1,"column":815},"end":{"line":1,"column":871}}},"4":{"name":"_classCallCheck","decl":{"start":{"line":1,"column":880},"end":{"line":1,"column":895}},"loc":{"start":{"line":1,"column":919},"end":{"line":1,"column":1020}}},"5":{"name":"_possibleConstructorReturn","decl":{"start":{"line":1,"column":1029},"end":{"line":1,"column":1055}},"loc":{"start":{"line":1,"column":1068},"end":{"line":1,"column":1255}}},"6":{"name":"_inherits","decl":{"start":{"line":1,"column":1264},"end":{"line":1,"column":1273}},"loc":{"start":{"line":1,"column":1296},"end":{"line":1,"column":1743}}}},"branchMap":{"0":{"loc":{"start":{"line":1,"column":265},"end":{"line":1,"column":295}},"type":"binary-expr","locations":[{"start":{"line":1,"column":265},"end":{"line":1,"column":286}},{"start":{"line":1,"column":290},"end":{"line":1,"column":295}}]},"1":{"loc":{"start":{"line":1,"column":327},"end":{"line":1,"column":381}},"type":"if","locations":[{"start":{"line":1,"column":327},"end":{"line":1,"column":381}},{"start":{"line":1,"column":327},"end":{"line":1,"column":381}}]},"2":{"loc":{"start":{"line":1,"column":497},"end":{"line":1,"column":565}},"type":"if","locations":[{"start":{"line":1,"column":497},"end":{"line":1,"column":565}},{"start":{"line":1,"column":497},"end":{"line":1,"column":565}}]},"3":{"loc":{"start":{"line":1,"column":565},"end":{"line":1,"column":625}},"type":"if","locations":[{"start":{"line":1,"column":565},"end":{"line":1,"column":625}},{"start":{"line":1,"column":565},"end":{"line":1,"column":625}}]},"4":{"loc":{"start":{"line":1,"column":823},"end":{"line":1,"column":869}},"type":"cond-expr","locations":[{"start":{"line":1,"column":847},"end":{"line":1,"column":850}},{"start":{"line":1,"column":853},"end":{"line":1,"column":869}}]},"5":{"loc":{"start":{"line":1,"column":823},"end":{"line":1,"column":844}},"type":"binary-expr","locations":[{"start":{"line":1,"column":823},"end":{"line":1,"column":826}},{"start":{"line":1,"column":830},"end":{"line":1,"column":844}}]},"6":{"loc":{"start":{"line":1,"column":920},"end":{"line":1,"column":1019}},"type":"if","locations":[{"start":{"line":1,"column":920},"end":{"line":1,"column":1019}},{"start":{"line":1,"column":920},"end":{"line":1,"column":1019}}]},"7":{"loc":{"start":{"line":1,"column":1069},"end":{"line":1,"column":1168}},"type":"if","locations":[{"start":{"line":1,"column":1069},"end":{"line":1,"column":1168}},{"start":{"line":1,"column":1069},"end":{"line":1,"column":1168}}]},"8":{"loc":{"start":{"line":1,"column":1175},"end":{"line":1,"column":1253}},"type":"cond-expr","locations":[{"start":{"line":1,"column":1242},"end":{"line":1,"column":1246}},{"start":{"line":1,"column":1249},"end":{"line":1,"column":1253}}]},"9":{"loc":{"start":{"line":1,"column":1175},"end":{"line":1,"column":1239}},"type":"binary-expr","locations":[{"start":{"line":1,"column":1175},"end":{"line":1,"column":1179}},{"start":{"line":1,"column":1184},"end":{"line":1,"column":1208}},{"start":{"line":1,"column":1212},"end":{"line":1,"column":1238}}]},"10":{"loc":{"start":{"line":1,"column":1297},"end":{"line":1,"column":1460}},"type":"if","locations":[{"start":{"line":1,"column":1297},"end":{"line":1,"column":1460}},{"start":{"line":1,"column":1297},"end":{"line":1,"column":1460}}]},"11":{"loc":{"start":{"line":1,"column":1301},"end":{"line":1,"column":1356}},"type":"binary-expr","locations":[{"start":{"line":1,"column":1301},"end":{"line":1,"column":1333}},{"start":{"line":1,"column":1337},"end":{"line":1,"column":1356}}]},"12":{"loc":{"start":{"line":1,"column":1495},"end":{"line":1,"column":1529}},"type":"binary-expr","locations":[{"start":{"line":1,"column":1495},"end":{"line":1,"column":1505}},{"start":{"line":1,"column":1509},"end":{"line":1,"column":1529}}]},"13":{"loc":{"start":{"line":1,"column":1624},"end":{"line":1,"column":1742}},"type":"if","locations":[{"start":{"line":1,"column":1624},"end":{"line":1,"column":1742}},{"start":{"line":1,"column":1624},"end":{"line":1,"column":1742}}]},"14":{"loc":{"start":{"line":1,"column":1640},"end":{"line":1,"column":1741}},"type":"cond-expr","locations":[{"start":{"line":1,"column":1664},"end":{"line":1,"column":1707}},{"start":{"line":1,"column":1710},"end":{"line":1,"column":1741}}]}},"s":{"0":0,"1":0,"2":0,"3":0,"4":0,"5":0,"6":0,"7":0,"8":0,"9":0,"10":0,"11":0,"12":0,"13":0,"14":0,"15":0,"16":0,"17":0,"18":0,"19":0,"20":0,"21":0,"22":0,"23":0,"24":0,"25":0,"26":0,"27":0,"28":0},"f":{"0":0,"1":0,"2":0,"3":0,"4":0,"5":0,"6":0},"b":{"0":[0,0],"1":[0,0],"2":[0,0],"3":[0,0],"4":[0,0],"5":[0,0],"6":[0,0],"7":[0,0],"8":[0,0],"9":[0,0,0],"10":[0,0],"11":[0,0],"12":[0,0],"13":[0,0],"14":[0,0]}}
,"/Users/johannbillar/Sites/React/reactjs-boilerplate/app/utils/sum.js": {"path":"/Users/johannbillar/Sites/React/reactjs-boilerplate/app/utils/sum.js","statementMap":{"0":{"start":{"line":1,"column":39},"end":{"line":1,"column":101}},"1":{"start":{"line":2,"column":2},"end":{"line":2,"column":15}}},"fnMap":{"0":{"name":"sum","decl":{"start":{"line":1,"column":110},"end":{"line":1,"column":113}},"loc":{"start":{"line":1,"column":120},"end":{"line":3,"column":1}}}},"branchMap":{},"s":{"0":0,"1":0},"f":{"0":0},"b":{}}
}
