TN:
SF:/Users/johannbillar/Sites/React/reactjs-boilerplate/app/components/App.jsx
FN:2,_interopRequireDefault
FN:4,App
FNF:2
FNH:0
FNDA:0,_interopRequireDefault
FNDA:0,App
DA:1,0
DA:2,0
DA:5,0
DA:14,0
LF:4
LH:0
BRDA:2,0,0,0
BRDA:2,0,1,0
BRDA:2,1,0,0
BRDA:2,1,1,0
BRF:4
BRH:0
end_of_record
TN:
SF:/Users/johannbillar/Sites/React/reactjs-boilerplate/app/components/Link.jsx
FN:1,(anonymous_0)
FN:1,defineProperties
FN:1,(anonymous_2)
FN:1,_interopRequireDefault
FN:1,_classCallCheck
FN:1,_possibleConstructorReturn
FN:1,_inherits
FNF:7
FNH:0
FNDA:0,(anonymous_0)
FNDA:0,defineProperties
FNDA:0,(anonymous_2)
FNDA:0,_interopRequireDefault
FNDA:0,_classCallCheck
FNDA:0,_possibleConstructorReturn
FNDA:0,_inherits
DA:1,0
DA:3,0
DA:8,0
DA:47,0
LF:4
LH:0
BRDA:1,0,0,0
BRDA:1,0,1,0
BRDA:1,1,0,0
BRDA:1,1,1,0
BRDA:1,2,0,0
BRDA:1,2,1,0
BRDA:1,3,0,0
BRDA:1,3,1,0
BRDA:1,4,0,0
BRDA:1,4,1,0
BRDA:1,5,0,0
BRDA:1,5,1,0
BRDA:1,6,0,0
BRDA:1,6,1,0
BRDA:1,7,0,0
BRDA:1,7,1,0
BRDA:1,8,0,0
BRDA:1,8,1,0
BRDA:1,9,0,0
BRDA:1,9,1,0
BRDA:1,9,2,0
BRDA:1,10,0,0
BRDA:1,10,1,0
BRDA:1,11,0,0
BRDA:1,11,1,0
BRDA:1,12,0,0
BRDA:1,12,1,0
BRDA:1,13,0,0
BRDA:1,13,1,0
BRDA:1,14,0,0
BRDA:1,14,1,0
BRF:31
BRH:0
end_of_record
TN:
SF:/Users/johannbillar/Sites/React/reactjs-boilerplate/app/utils/sum.js
FN:1,sum
FNF:1
FNH:0
FNDA:0,sum
DA:1,0
DA:2,0
LF:2
LH:0
BRF:0
BRH:0
end_of_record
